[    0.000000] Initializing cgroup subsys cpuset
[    0.000000] Initializing cgroup subsys cpu
[    0.000000] Initializing cgroup subsys cpuacct
[    0.000000] Linux version 4.4.0-83-generic (buildd@lgw01-29) (gcc version 5.4.0 20160609 (Ubuntu 5.4.0-6ubuntu1~16.04.4) ) #106-Ubuntu SMP Mon Jun 26 17:54:43 UTC 2017 (Ubuntu 4.4.0-83.106-generic 4.4.70)
[    0.000000] Command line: BOOT_IMAGE=/boot/vmlinuz-4.4.0-83-generic root=LABEL=cloudimg-rootfs ro console=tty1 console=ttyS0
[    0.000000] KERNEL supported cpus:
[    0.000000]   Intel GenuineIntel
[    0.000000]   AMD AuthenticAMD
[    0.000000]   Centaur CentaurHauls
[    0.000000] x86/fpu: xstate_offset[2]:  576, xstate_sizes[2]:  256
[    0.000000] x86/fpu: Supporting XSAVE feature 0x01: 'x87 floating point registers'
[    0.000000] x86/fpu: Supporting XSAVE feature 0x02: 'SSE registers'
[    0.000000] x86/fpu: Supporting XSAVE feature 0x04: 'AVX registers'
[    0.000000] x86/fpu: Enabled xstate features 0x7, context size is 832 bytes, using 'standard' format.
[    0.000000] x86/fpu: Using 'lazy' FPU context switches.
[    0.000000] e820: BIOS-provided physical RAM map:
[    0.000000] BIOS-e820: [mem 0x0000000000000000-0x000000000009fbff] usable
[    0.000000] BIOS-e820: [mem 0x000000000009fc00-0x000000000009ffff] reserved
[    0.000000] BIOS-e820: [mem 0x00000000000f0000-0x00000000000fffff] reserved
[    0.000000] BIOS-e820: [mem 0x0000000000100000-0x000000003ffeffff] usable
[    0.000000] BIOS-e820: [mem 0x000000003fff0000-0x000000003fffffff] ACPI data
[    0.000000] BIOS-e820: [mem 0x00000000fec00000-0x00000000fec00fff] reserved
[    0.000000] BIOS-e820: [mem 0x00000000fee00000-0x00000000fee00fff] reserved
[    0.000000] BIOS-e820: [mem 0x00000000fffc0000-0x00000000ffffffff] reserved
[    0.000000] NX (Execute Disable) protection: active
[    0.000000] SMBIOS 2.5 present.
[    0.000000] Hypervisor detected: KVM
[    0.000000] e820: last_pfn = 0x3fff0 max_arch_pfn = 0x400000000
[    0.000000] MTRR: Disabled
[    0.000000] x86/PAT: MTRRs disabled, skipping PAT initialization too.
[    0.000000] x86/PAT: Configuration [0-7]: WB  WT  UC- UC  WB  WT  UC- UC  
[    0.000000] CPU MTRRs all blank - virtualized system.
[    0.000000] found SMP MP-table at [mem 0x0009fff0-0x0009ffff] mapped at [ffff88000009fff0]
[    0.000000] Scanning 1 areas for low memory corruption
[    0.000000] RAMDISK: [mem 0x36ac2000-0x37558fff]
[    0.000000] ACPI: Early table checksum verification disabled
[    0.000000] ACPI: RSDP 0x00000000000E0000 000024 (v02 VBOX  )
[    0.000000] ACPI: XSDT 0x000000003FFF0030 00003C (v01 VBOX   VBOXXSDT 00000001 ASL  00000061)
[    0.000000] ACPI: FACP 0x000000003FFF00F0 0000F4 (v04 VBOX   VBOXFACP 00000001 ASL  00000061)
[    0.000000] ACPI: DSDT 0x000000003FFF0470 0021C8 (v02 VBOX   VBOXBIOS 00000002 INTL 20100528)
[    0.000000] ACPI: FACS 0x000000003FFF0200 000040
[    0.000000] ACPI: FACS 0x000000003FFF0200 000040
[    0.000000] ACPI: APIC 0x000000003FFF0240 00005C (v02 VBOX   VBOXAPIC 00000001 ASL  00000061)
[    0.000000] ACPI: SSDT 0x000000003FFF02A0 0001CC (v01 VBOX   VBOXCPUT 00000002 INTL 20100528)
[    0.000000] No NUMA configuration found
[    0.000000] Faking a node at [mem 0x0000000000000000-0x000000003ffeffff]
[    0.000000] NODE_DATA(0) allocated [mem 0x3ffeb000-0x3ffeffff]
[    0.000000] kvm-clock: Using msrs 4b564d01 and 4b564d00
[    0.000000] kvm-clock: cpu 0, msr 0:3ffe3001, primary cpu clock
[    0.000000] kvm-clock: using sched offset of 3242785063 cycles
[    0.000000] clocksource: kvm-clock: mask: 0xffffffffffffffff max_cycles: 0x1cd42e4dffb, max_idle_ns: 881590591483 ns
[    0.000000] Zone ranges:
[    0.000000]   DMA      [mem 0x0000000000001000-0x0000000000ffffff]
[    0.000000]   DMA32    [mem 0x0000000001000000-0x000000003ffeffff]
[    0.000000]   Normal   empty
[    0.000000]   Device   empty
[    0.000000] Movable zone start for each node
[    0.000000] Early memory node ranges
[    0.000000]   node   0: [mem 0x0000000000001000-0x000000000009efff]
[    0.000000]   node   0: [mem 0x0000000000100000-0x000000003ffeffff]
[    0.000000] Initmem setup node 0 [mem 0x0000000000001000-0x000000003ffeffff]
[    0.000000] ACPI: PM-Timer IO Port: 0x4008
[    0.000000] IOAPIC[0]: apic_id 2, version 32, address 0xfec00000, GSI 0-23
[    0.000000] ACPI: INT_SRC_OVR (bus 0 bus_irq 0 global_irq 2 dfl dfl)
[    0.000000] ACPI: INT_SRC_OVR (bus 0 bus_irq 9 global_irq 9 high level)
[    0.000000] Using ACPI (MADT) for SMP configuration information
[    0.000000] smpboot: Allowing 2 CPUs, 0 hotplug CPUs
[    0.000000] PM: Registered nosave memory: [mem 0x00000000-0x00000fff]
[    0.000000] PM: Registered nosave memory: [mem 0x0009f000-0x0009ffff]
[    0.000000] PM: Registered nosave memory: [mem 0x000a0000-0x000effff]
[    0.000000] PM: Registered nosave memory: [mem 0x000f0000-0x000fffff]
[    0.000000] e820: [mem 0x40000000-0xfebfffff] available for PCI devices
[    0.000000] Booting paravirtualized kernel on KVM
[    0.000000] clocksource: refined-jiffies: mask: 0xffffffff max_cycles: 0xffffffff, max_idle_ns: 7645519600211568 ns
[    0.000000] setup_percpu: NR_CPUS:512 nr_cpumask_bits:512 nr_cpu_ids:2 nr_node_ids:1
[    0.000000] PERCPU: Embedded 33 pages/cpu @ffff88003fc00000 s98264 r8192 d28712 u1048576
[    0.000000] PV qspinlock hash table entries: 256 (order: 0, 4096 bytes)
[    0.000000] Built 1 zonelists in Node order, mobility grouping on.  Total pages: 257913
[    0.000000] Policy zone: DMA32
[    0.000000] Kernel command line: BOOT_IMAGE=/boot/vmlinuz-4.4.0-83-generic root=LABEL=cloudimg-rootfs ro console=tty1 console=ttyS0
[    0.000000] PID hash table entries: 4096 (order: 3, 32768 bytes)
[    0.000000] Memory: 1001732K/1048120K available (8469K kernel code, 1294K rwdata, 3984K rodata, 1488K init, 1316K bss, 46388K reserved, 0K cma-reserved)
[    0.000000] SLUB: HWalign=64, Order=0-3, MinObjects=0, CPUs=2, Nodes=1
[    0.000000] Hierarchical RCU implementation.
[    0.000000] 	Build-time adjustment of leaf fanout to 64.
[    0.000000] 	RCU restricting CPUs from NR_CPUS=512 to nr_cpu_ids=2.
[    0.000000] RCU: Adjusting geometry for rcu_fanout_leaf=64, nr_cpu_ids=2
[    0.000000] NR_IRQS:33024 nr_irqs:440 16
[    0.000000] Console: colour VGA+ 80x25
[    0.000000] console [tty1] enabled
[    0.000000] console [ttyS0] enabled
[    0.000000] tsc: Detected 1599.999 MHz processor
[    1.723722] Calibrating delay loop (skipped) preset value.. 3199.99 BogoMIPS (lpj=6399996)
[    1.725958] pid_max: default: 32768 minimum: 301
[    1.727289] ACPI: Core revision 20150930
[    1.753914] ACPI: 2 ACPI AML tables successfully acquired and loaded
[    1.779618] Security Framework initialized
[    1.780707] Yama: becoming mindful.
[    1.781742] AppArmor: AppArmor initialized
[    1.810438] Dentry cache hash table entries: 131072 (order: 8, 1048576 bytes)
[    1.857285] Inode-cache hash table entries: 65536 (order: 7, 524288 bytes)
[    1.868633] Mount-cache hash table entries: 2048 (order: 2, 16384 bytes)
[    1.883963] Mountpoint-cache hash table entries: 2048 (order: 2, 16384 bytes)
[    1.921999] Initializing cgroup subsys io
[    1.923086] Initializing cgroup subsys memory
[    1.946650] Initializing cgroup subsys devices
[    1.947871] Initializing cgroup subsys freezer
[    1.949025] Initializing cgroup subsys net_cls
[    1.979759] Initializing cgroup subsys perf_event
[    1.987687] Initializing cgroup subsys net_prio
[    1.999453] Initializing cgroup subsys hugetlb
[    2.012017] Initializing cgroup subsys pids
[    2.013302] CPU: Physical Processor ID: 0
[    2.026785] CPU: Processor Core ID: 0
[    2.028803] mce: CPU supports 0 MCE banks
[    2.029898] Last level iTLB entries: 4KB 64, 2MB 8, 4MB 8
[    2.084414] Last level dTLB entries: 4KB 64, 2MB 0, 4MB 0, 1GB 4
[    2.109554] Freeing SMP alternatives memory: 32K (ffffffff820b9000 - ffffffff820c1000)
[    2.156963] ftrace: allocating 32129 entries in 126 pages
[    2.267544] smpboot: APIC(0) Converting physical 0 to logical package 0
[    2.332418] smpboot: Max logical packages: 1
[    2.382493] x2apic enabled
[    2.406157] Switched APIC routing to physical x2apic.
[    2.444950] ..TIMER: vector=0x30 apic1=0 pin1=2 apic2=-1 pin2=-1
[    2.599147] smpboot: CPU0: Intel(R) Core(TM) i5-5250U CPU @ 1.60GHz (family: 0x6, model: 0x3d, stepping: 0x4)
[    2.632824] Performance Events: unsupported p6 CPU model 61 no PMU driver, software events only.
[    2.655870] KVM setup paravirtual spinlock
[    2.663356] x86: Booting SMP configuration:
[    2.673776] .... node  #0, CPUs:      #1
[    2.675083] kvm-clock: cpu 1, msr 0:3ffe3041, secondary cpu clock
[    2.681110] mce: CPU supports 0 MCE banks
[    2.683964] x86: Booted up 1 node, 2 CPUs
[    2.693677] smpboot: Total of 2 processors activated (6399.99 BogoMIPS)
[    2.742321] devtmpfs: initialized
[    2.751282] evm: security.selinux
[    2.773395] evm: security.SMACK64
[    2.789620] evm: security.SMACK64EXEC
[    2.821101] evm: security.SMACK64TRANSMUTE
[    2.830361] evm: security.SMACK64MMAP
[    2.838574] evm: security.ima
[    2.839440] evm: security.capability
[    2.846650] clocksource: jiffies: mask: 0xffffffff max_cycles: 0xffffffff, max_idle_ns: 7645041785100000 ns
[    2.890968] futex hash table entries: 512 (order: 3, 32768 bytes)
[    2.929165] pinctrl core: initialized pinctrl subsystem
[    2.992048] RTC time: 19:19:36, date: 07/09/17
[    3.016273] NET: Registered protocol family 16
[    3.048245] cpuidle: using governor ladder
[    3.076441] cpuidle: using governor menu
[    3.092203] PCCT header not found.
[    3.104140] ACPI: bus type PCI registered
[    3.118396] acpiphp: ACPI Hot Plug PCI Controller Driver version: 0.5
[    3.127106] PCI: Using configuration type 1 for base access
[    3.149138] ACPI: Added _OSI(Module Device)
[    3.206681] ACPI: Added _OSI(Processor Device)
[    3.207913] ACPI: Added _OSI(3.0 _SCP Extensions)
[    3.227518] ACPI: Added _OSI(Processor Aggregator Device)
[    3.229687] ACPI: Executed 1 blocks of module-level executable AML code
[    3.250932] ACPI: Interpreter enabled
[    3.281564] ACPI: (supports S0 S5)
[    3.282543] ACPI: Using IOAPIC for interrupt routing
[    3.329644] PCI: Using host bridge windows from ACPI; if necessary, use "pci=nocrs" and report a bug
[    3.429524] ACPI: PCI Root Bridge [PCI0] (domain 0000 [bus 00-ff])
[    3.495920] acpi PNP0A03:00: _OSC: OS supports [ASPM ClockPM Segments MSI]
[    3.569517] acpi PNP0A03:00: _OSC failed (AE_NOT_FOUND); disabling ASPM
[    3.576702] acpi PNP0A03:00: fail to add MMCONFIG information, can't access extended PCI configuration space under this bridge.
[    3.582015] PCI host bridge to bus 0000:00
[    3.591544] pci_bus 0000:00: root bus resource [io  0x0000-0x0cf7 window]
[    3.620489] pci_bus 0000:00: root bus resource [io  0x0d00-0xffff window]
[    3.652785] pci_bus 0000:00: root bus resource [mem 0x000a0000-0x000bffff window]
[    3.691716] pci_bus 0000:00: root bus resource [mem 0x40000000-0xffdfffff window]
[    3.693867] pci_bus 0000:00: root bus resource [bus 00-ff]
[    3.697339] pci 0000:00:01.1: legacy IDE quirk: reg 0x10: [io  0x01f0-0x01f7]
[    3.765871] pci 0000:00:01.1: legacy IDE quirk: reg 0x14: [io  0x03f6]
[    3.830429] pci 0000:00:01.1: legacy IDE quirk: reg 0x18: [io  0x0170-0x0177]
[    3.908100] pci 0000:00:01.1: legacy IDE quirk: reg 0x1c: [io  0x0376]
[    3.998582] pci 0000:00:07.0: quirk: [io  0x4000-0x403f] claimed by PIIX4 ACPI
[    4.068925] pci 0000:00:07.0: quirk: [io  0x4100-0x410f] claimed by PIIX4 SMB
[    4.168771] ACPI: PCI Interrupt Link [LNKA] (IRQs 5 9 10 *11)
[    4.235906] ACPI: PCI Interrupt Link [LNKB] (IRQs 5 9 10 *11)
[    4.287885] ACPI: PCI Interrupt Link [LNKC] (IRQs 5 9 *10 11)
[    4.332175] ACPI: PCI Interrupt Link [LNKD] (IRQs 5 *9 10 11)
[    4.391099] ACPI: Enabled 2 GPEs in block 00 to 07
[    4.443341] vgaarb: setting as boot device: PCI:0000:00:02.0
[    4.480086] vgaarb: device added: PCI:0000:00:02.0,decodes=io+mem,owns=io+mem,locks=none
[    4.552176] vgaarb: loaded
[    4.581281] vgaarb: bridge control possible 0000:00:02.0
[    4.588342] SCSI subsystem initialized
[    4.625103] ACPI: bus type USB registered
[    4.660350] usbcore: registered new interface driver usbfs
[    4.676453] usbcore: registered new interface driver hub
[    4.677851] usbcore: registered new device driver usb
[    4.703188] PCI: Using ACPI for IRQ routing
[    4.713590] NetLabel: Initializing
[    4.726674] NetLabel:  domain hash size = 128
[    4.773577] NetLabel:  protocols = UNLABELED CIPSOv4
[    4.818857] NetLabel:  unlabeled traffic allowed by default
[    4.822872] amd_nb: Cannot enumerate AMD northbridges
[    4.865109] clocksource: Switched to clocksource kvm-clock
[    4.875947] AppArmor: AppArmor Filesystem Enabled
[    4.900127] pnp: PnP ACPI init
[    4.946894] pnp: PnP ACPI: found 3 devices
[    5.023112] clocksource: acpi_pm: mask: 0xffffff max_cycles: 0xffffff, max_idle_ns: 2085701024 ns
[    5.102717] NET: Registered protocol family 2
[    5.186379] TCP established hash table entries: 8192 (order: 4, 65536 bytes)
[    5.230302] TCP bind hash table entries: 8192 (order: 5, 131072 bytes)
[    5.294822] TCP: Hash tables configured (established 8192 bind 8192)
[    5.296519] UDP hash table entries: 512 (order: 2, 16384 bytes)
[    5.303624] UDP-Lite hash table entries: 512 (order: 2, 16384 bytes)
[    5.305375] NET: Registered protocol family 1
[    5.306681] pci 0000:00:00.0: Limiting direct PCI/PCI transfers
[    5.395977] pci 0000:00:01.0: Activating ISA DMA hang workarounds
[    5.528292] Unpacking initramfs...
[    7.751208] Freeing initrd memory: 10844K (ffff880036ac2000 - ffff880037559000)
[    7.764740] RAPL PMU detected, API unit is 2^-32 Joules, 4 fixed counters 10737418240 ms ovfl timer
[    7.769259] hw unit of domain pp0-core 2^-0 Joules
[    7.780778] hw unit of domain package 2^-0 Joules
[    7.787177] hw unit of domain dram 2^-0 Joules
[    7.795841] hw unit of domain pp1-gpu 2^-0 Joules
[    7.816195] platform rtc_cmos: registered platform RTC device (no PNP device found)
[    7.861494] Scanning for low memory corruption every 60 seconds
[    7.881653] audit: initializing netlink subsys (disabled)
[    7.903881] audit: type=2000 audit(1499627981.753:1): initialized
[    7.920801] Initialise system trusted keyring
[    7.928434] HugeTLB registered 2 MB page size, pre-allocated 0 pages
[    7.952132] zbud: loaded
[    7.954659] VFS: Disk quotas dquot_6.6.0
[    7.985879] VFS: Dquot-cache hash table entries: 512 (order 0, 4096 bytes)
[    7.998678] squashfs: version 4.0 (2009/01/31) Phillip Lougher
[    8.024793] fuse init (API version 7.23)
[    8.027841] Key type big_key registered
[    8.030473] Allocating IMA MOK and blacklist keyrings.
[    8.086748] Key type asymmetric registered
[    8.090472] Asymmetric key parser 'x509' registered
[    8.095938] Block layer SCSI generic (bsg) driver version 0.4 loaded (major 249)
[    8.103713] io scheduler noop registered
[    8.144303] io scheduler deadline registered (default)
[    8.183968] io scheduler cfq registered
[    8.216522] pci_hotplug: PCI Hot Plug PCI Core version: 0.5
[    8.325344] pciehp: PCI Express Hot Plug Controller Driver version: 0.4
[    8.464102] ACPI: AC Adapter [AC] (off-line)
[    8.515257] input: Power Button as /devices/LNXSYSTM:00/LNXPWRBN:00/input/input0
[    8.601040] ACPI: Power Button [PWRF]
[    8.643820] input: Sleep Button as /devices/LNXSYSTM:00/LNXSLPBN:00/input/input1
[    8.737408] ACPI: Sleep Button [SLPF]
[    8.751537] GHES: HEST is not enabled!
[    8.752944] ACPI: Battery Slot [BAT0] (battery present)
[    8.805997] Serial: 8250/16550 driver, 32 ports, IRQ sharing enabled
[    8.813623] tsc: Refined TSC clocksource calibration: 1600.323 MHz
[    8.813627] clocksource: tsc: mask: 0xffffffffffffffff max_cycles: 0x17115614a21, max_idle_ns: 440795273628 ns
[    9.227954] 00:02: ttyS0 at I/O 0x3f8 (irq = 4, base_baud = 115200) is a 16550A
[    9.330426] Linux agpgart interface v0.103
[    9.362108] loop: module loaded
[    9.391647] scsi host0: ata_piix
[    9.422728] scsi host1: ata_piix
[    9.455022] ata1: PATA max UDMA/33 cmd 0x1f0 ctl 0x3f6 bmdma 0xd000 irq 14
[    9.554039] ata2: PATA max UDMA/33 cmd 0x170 ctl 0x376 bmdma 0xd008 irq 15
[    9.585300] libphy: Fixed MDIO Bus: probed
[    9.633716] tun: Universal TUN/TAP device driver, 1.6
[    9.634998] tun: (C) 1999-2004 Max Krasnyansky <maxk@qualcomm.com>
[    9.636590] PPP generic driver version 2.4.2
[    9.669713] ehci_hcd: USB 2.0 'Enhanced' Host Controller (EHCI) Driver
[    9.745751] ehci-pci: EHCI PCI platform driver
[    9.783489] ehci-platform: EHCI generic platform driver
[    9.831642] ohci_hcd: USB 1.1 'Open' Host Controller (OHCI) Driver
[    9.873781] ohci-pci: OHCI PCI platform driver
[    9.923736] ohci-platform: OHCI generic platform driver
[    9.931292] uhci_hcd: USB Universal Host Controller Interface driver
[    9.936631] i8042: PNP: PS/2 Controller [PNP0303:PS2K,PNP0f03:PS2M] at 0x60,0x64 irq 1,12
[    9.971530] serio: i8042 KBD port at 0x60,0x64 irq 1
[    9.972931] serio: i8042 AUX port at 0x60,0x64 irq 12
[    9.996879] mousedev: PS/2 mouse device common for all mice
[   10.030996] input: AT Translated Set 2 keyboard as /devices/platform/i8042/serio0/input/input2
[   10.057831] rtc_cmos rtc_cmos: rtc core: registered rtc_cmos as rtc0
[   10.075553] rtc_cmos rtc_cmos: alarms up to one day, 114 bytes nvram
[   10.078524] i2c /dev entries driver
[   10.122457] device-mapper: uevent: version 1.0.3
[   10.168117] device-mapper: ioctl: 4.34.0-ioctl (2015-10-28) initialised: dm-devel@redhat.com
[   10.232579] ledtrig-cpu: registered to indicate activity on CPUs
[   10.279058] NET: Registered protocol family 10
[   10.286294] NET: Registered protocol family 17
[   10.335436] Key type dns_resolver registered
[   10.362315] microcode: CPU0 sig=0x306d4, pf=0x40, revision=0x0
[   10.363998] microcode: CPU1 sig=0x306d4, pf=0x40, revision=0x0
[   10.366017] microcode: Microcode Update Driver: v2.01 <tigran@aivazian.fsnet.co.uk>, Peter Oruba
[   10.419703] registered taskstats version 1
[   10.444055] Loading compiled-in X.509 certificates
[   10.445979] Loaded X.509 cert 'Build time autogenerated kernel key: 35105354eb779045e4d9ad793dead39d5ee93f76'
[   10.591412] zswap: loaded using pool lzo/zbud
[   10.614842] Key type trusted registered
[   10.672496] Key type encrypted registered
[   10.683922] AppArmor: AppArmor sha1 policy hashing enabled
[   10.720177] ima: No TPM chip found, activating TPM-bypass!
[   10.755793] evm: HMAC attrs: 0x1
[   10.782288]   Magic number: 9:967:343
[   10.790743] tty tty60: hash matches
[   10.850169] rtc_cmos rtc_cmos: setting system clock to 2017-07-09 19:19:44 UTC (1499627984)
[   10.895442] BIOS EDD facility v0.16 2004-Jun-25, 0 devices found
[   10.939773] EDD information not available.
[   10.942370] Freeing unused kernel memory: 1488K (ffffffff81f45000 - ffffffff820b9000)
[   10.981030] Write protecting the kernel read-only data: 14336k
[   10.983248] Freeing unused kernel memory: 1760K (ffff880001848000 - ffff880001a00000)
[   11.047692] Freeing unused kernel memory: 112K (ffff880001de4000 - ffff880001e00000)
Loading, please wait...
[   11.106113] random: systemd-udevd: uninitialized urandom read (16 bytes read, 5 bits of entropy available)
starting version 229
[   11.107037] random: udevadm: uninitialized urandom read (16 bytes read, 5 bits of entropy available)
[   11.107076] random: udevadm: uninitialized urandom read (16 bytes read, 5 bits of entropy available)
[   11.107191] random: udevadm: uninitialized urandom read (16 bytes read, 5 bits of entropy available)
[   11.107231] random: udevadm: uninitialized urandom read (16 bytes read, 5 bits of entropy available)
[   11.107273] random: udevadm: uninitialized urandom read (16 bytes read, 5 bits of entropy available)
[   11.107312] random: udevadm: uninitialized urandom read (16 bytes read, 5 bits of entropy available)
[   11.107351] random: udevadm: uninitialized urandom read (16 bytes read, 5 bits of entropy available)
[   11.107391] random: udevadm: uninitialized urandom read (16 bytes read, 5 bits of entropy available)
[   11.107428] random: udevadm: uninitialized urandom read (16 bytes read, 5 bits of entropy available)
[   11.515849] e1000: Intel(R) PRO/1000 Network Driver - version 7.3.21-k8-NAPI
[   11.604009] e1000: Copyright (c) 1999-2006 Intel Corporation.
[   11.612977] Fusion MPT base driver 3.04.20
[   11.618140] Copyright (c) 1999-2008 LSI Corporation
[   11.630949] AVX version of gcm_enc/dec engaged.
[   11.654153] AES CTR mode by8 optimization enabled
[   11.680992] Fusion MPT SPI Host driver 3.04.20
[   11.832499] input: ImExPS/2 Generic Explorer Mouse as /devices/platform/i8042/serio1/input/input4
[   12.007256] e1000 0000:00:03.0 eth0: (PCI:33MHz:32-bit) 02:ef:c4:99:42:42
[   12.103934] e1000 0000:00:03.0 eth0: Intel(R) PRO/1000 Network Connection
[   12.157445] e1000 0000:00:03.0 enp0s3: renamed from eth0
[   12.186629] mptbase: ioc0: Initiating bringup
[   12.285689] ioc0: LSI53C1030 A0: Capabilities={Initiator}
[   12.458039] scsi host2: ioc0: LSI53C1030 A0, FwRev=00000000h, Ports=1, MaxQ=256, IRQ=20
[   12.578061] scsi 2:0:0:0: Direct-Access     VBOX     HARDDISK         1.0  PQ: 0 ANSI: 5
[   12.607628] scsi target2:0:0: Beginning Domain Validation
[   12.621916] scsi target2:0:0: Domain Validation skipping write tests
[   12.687477] scsi target2:0:0: Ending Domain Validation
[   12.701425] scsi target2:0:0: asynchronous
[   12.712572] scsi 2:0:1:0: Direct-Access     VBOX     HARDDISK         1.0  PQ: 0 ANSI: 5
[   12.730984] scsi target2:0:1: Beginning Domain Validation
[   12.753469] scsi target2:0:1: Domain Validation skipping write tests
[   12.761314] scsi target2:0:1: Ending Domain Validation
[   12.772011] scsi target2:0:1: asynchronous
[   12.792633] sd 2:0:0:0: [sda] 20971520 512-byte logical blocks: (10.7 GB/10.0 GiB)
[   12.801498] sd 2:0:0:0: Attached scsi generic sg0 type 0
[   12.802497] sd 2:0:1:0: [sdb] 20480 512-byte logical blocks: (10.5 MB/10.0 MiB)
[   12.802572] sd 2:0:1:0: Attached scsi generic sg1 type 0
[   12.802941] sd 2:0:1:0: [sdb] Write Protect is off
[   12.803093] sd 2:0:1:0: [sdb] Incomplete mode parameter data
[   12.803094] sd 2:0:1:0: [sdb] Assuming drive cache: write through
[   12.805915] sd 2:0:1:0: [sdb] Attached SCSI disk
[   13.254964] sd 2:0:0:0: [sda] Write Protect is off
[   13.310290] sd 2:0:0:0: [sda] Incomplete mode parameter data
[   13.443468] sd 2:0:0:0: [sda] Assuming drive cache: write through
[   13.521747]  sda: sda1
[   13.547848] sd 2:0:0:0: [sda] Attached SCSI disk
[   14.613769] floppy0: no floppy controllers found
[   14.711277] work still pending
Begin: Loading e[   16.158817] md: linear personality registered for level -1
ssential drivers ... [   16.247306] md: multipath personality registered for level -4
[   16.396939] md: raid0 personality registered for level 0
[   16.461207] md: raid1 personality registered for level 1
[   16.593947] raid6: sse2x1   gen()  8502 MB/s
[   16.768757] raid6: sse2x1   xor()  6472 MB/s
[   16.961428] raid6: sse2x2   gen() 10080 MB/s
[   17.085751] raid6: sse2x2   xor()  6743 MB/s
[   17.241975] raid6: sse2x4   gen()  6363 MB/s
[   17.348236] raid6: sse2x4   xor()  8892 MB/s
[   17.406270] raid6: using algorithm sse2x2 gen() 10080 MB/s
[   17.534818] raid6: .... xor() 6743 MB/s, rmw enabled
[   17.590386] raid6: using ssse3x2 recovery algorithm
[   17.638352] xor: automatically using best checksumming function:
[   17.713195]    avx       : 12930.000 MB/sec
[   17.729933] async_tx: api initialized (async)
[   17.758969] md: raid6 personality registered for level 6
[   17.823729] md: raid5 personality registered for level 5
[   17.882324] md: raid4 personality registered for level 4
[   17.891546] md: raid10 personality registered for level 10
done.
Begin: Running /scripts/init-premount ... done.
Begin: Mounting root file system ... Begin: Running /scripts/local-top ... done.
Begin: Running /scripts/local-premount ... [   17.996134] Btrfs loaded
Scanning for Btrfs filesystems
done.
Warning: fsck no[   18.059279] EXT4-fs (sda1): mounted filesystem with ordered data mode. Opts: (null)
t present, so skipping root file system
done.
Begin: Running /scripts/local-bottom ... done.
Begin: Running /scripts/init-bottom ... done.
[   18.212682] systemd[1]: systemd 229 running in system mode. (+PAM +AUDIT +SELINUX +IMA +APPARMOR +SMACK +SYSVINIT +UTMP +LIBCRYPTSETUP +GCRYPT +GNUTLS +ACL +XZ -LZ4 +SECCOMP +BLKID +ELFUTILS +KMOD -IDN)
[   18.374606] systemd[1]: Detected virtualization oracle.
[   18.398321] systemd[1]: Detected architecture x86-64.

Welcome to [1mUbuntu 16.04.2 LTS[0m!

[   18.437915] systemd[1]: Set hostname to <ubuntu>.
[   18.454359] systemd[1]: Initializing machine ID from random generator.
[   18.470250] systemd[1]: Installed transient /etc/machine-id file.
[   18.628480] systemd[1]: Listening on Journal Audit Socket.
[[0;32m  OK  [0m] Listening on Journal Audit Socket.
[   18.666585] systemd[1]: Created slice User and Session Slice.
[[0;32m  OK  [0m] Created slice User and Session Slice.
[   18.705843] systemd[1]: Created slice System Slice.
[[0;32m  OK  [0m] Created slice System Slice.
[   18.774409] systemd[1]: Created slice system-serial\x2dgetty.slice.
[[0;32m  OK  [0m] Created slice system-serial\x2dgetty.slice.
[   18.850100] systemd[1]: Set up automount Arbitrary Executable File Formats File System Automount Point.
[[0;32m  OK  [0m] Set up automount Arbitrary Executab...ats File System Automount Point.
[   18.933819] systemd[1]: Listening on udev Kernel Socket.
[[0;32m  OK  [0m] Listening on udev Kernel Socket.
[   19.005926] systemd[1]: Listening on LVM2 metadata daemon socket.
[[0;32m  OK  [0m] Listening on LVM2 metadata daemon socket.
[   19.057777] systemd[1]: Listening on Device-mapper event daemon FIFOs.
[[0;32m  OK  [0m] Listening on Device-mapper event daemon FIFOs.
[   19.173706] systemd[1]: Listening on Journal Socket (/dev/log).
[[0;32m  OK  [0m] Listening on Journal Socket (/dev/log).
[   19.321763] systemd[1]: Reached target Encrypted Volumes.
[[0;32m  OK  [0m] Reached target Encrypted Volumes.
[   19.449946] systemd[1]: Listening on Journal Socket.
[[0;32m  OK  [0m] Listening on Journal Socket.
[   19.541403] systemd[1]: Mounting Debug File System...
[   19.607386] random: nonblocking pool is initialized
         Mounting Debug File System...
[   19.653492] systemd[1]: Starting Uncomplicated firewall...
         Starting Uncomplicated firewall...
[   19.737913] systemd[1]: Mounting POSIX Message Queue File System...
         Mounting POSIX Message Queue File System...
[   19.821467] systemd[1]: Starting Nameserver information manager...
         Starting Nameserver information manager...
[   19.897769] systemd[1]: Mounting Huge Pages File System...
         Mounting Huge Pages File System...
[   19.969538] systemd[1]: Starting Remount Root and Kernel File Systems...
         [   20.028911] EXT4-fs (sda1): re-mounted. Opts: (null)
Starting Remount Root and Kernel File Systems...
[   20.125784] systemd[1]: Starting Create list of required static device nodes for the current kernel...
         Starting Create list of required st... nodes for the current kernel...
[   20.295430] systemd[1]: Listening on LVM2 poll daemon socket.
[[0;32m  OK  [0m] Listening on LVM2 poll daemon socket.
[   20.433989] systemd[1]: Starting Load Kernel Modules...
         Startin[   20.452073] Loading iSCSI transport class v2.0-870.
g Load Kernel Modules...
[   20.494195] iscsi: registered transport (tcp)
[   20.494212] systemd[1]: Starting Set console keymap...
         Starting Set console keymap...
[   20.555329] systemd[1]: Listening on udev Control Socket.
[[0;32m  OK  [0m] Listening on udev Control Socket.
[   20.565393] systemd[1]: Started Forward Password Requests to Wall Directory Watch.
[[0;32m  OK  [0m] Started Forward Password Requests to Wall Directory Watch.
[   20.573131] systemd[1]: Reached target User and Group Name Lookups.
[[0;32m  OK  [0m] Reached target User and Group Name Lookups.
[   20.576938] systemd[1]: Listening on Syslog Socket.
[[0;32m  OK  [0m] Listening on [   20.620160] iscsi: registered transport (iser)
Syslog Socket.
[   20.661483] systemd[1]: Starting Monitoring of LVM2 mirrors, snapshots etc. using dmeventd or progress polling...
         Starting Monitoring of LVM2 mirrors... dmeventd or progress polling...
[   20.809865] systemd[1]: Starting Journal Service...
         Starting Journal Service...
[   20.890171] systemd[1]: Started Trigger resolvconf update for networkd DNS.
[[0;32m  OK  [0m] Started Trigger resolvconf update for networkd DNS.
[   20.981891] systemd[1]: Listening on /dev/initctl Compatibility Named Pipe.
[[0;32m  OK  [0m] Listening on /dev/initctl Compatibility Named Pipe.
[   21.078092] systemd[1]: Reached target Swap.
[[0;32m  OK  [0m] Reached target Swap.
[   21.165863] systemd[1]: Reached target Slices.
[[0;32m  OK  [0m] Reached target Slices.
[   21.272965] systemd[1]: Mounted Huge Pages File System.
[[0;32m  OK  [0m] Mounted Huge Pages File System.
[   21.413607] systemd[1]: Mounted Debug File System.
[[0;32m  OK  [0m] Mounted Debug File System.
[   21.529842] systemd[1]: Mounted POSIX Message Queue File System.
[[0;32m  OK  [0m] Mounted POSIX Message Queue File System.
[   21.621983] systemd[1]: Started Journal Service.
[[0;32m  OK  [0m] Started Journal Service.
[[0;32m  OK  [0m] Started Uncomplicated firewall.
[[0;32m  OK  [0m] Started Remount Root and Kernel File Systems.
[[0;32m  OK  [0m] Started Create list of required sta...ce nodes for the current kernel.
[[0;32m  OK  [0m] Started Load Kernel Modules.
[[0;32m  OK  [0m] Started Set console keymap.
[[0;32m  OK  [0m] Started Nameserver information manager.
[[0;32m  OK  [0m] Started LVM2 metadata daemon.
         Starting Apply Kernel Variables...
         Mounting FUSE Control File System...
         Starting Create Static Device Nodes in /dev...
         Starting Initial cloud-init job (pre-networking)...
         Starting Load/Save Random Seed...
         Starting udev Coldplug all Devices...
         Starting Flush Journal to Persistent Storage...
[[0;32m  OK  [0m] Mounted FUSE Control File System.
[[0;32m  OK  [0m] Started Apply Kernel Variables.
[[0;32m  OK  [0m] Started Create Static Device Nodes in /dev.
[[0;32m  OK  [0m] Started Monitoring of LVM2 mirrors,...ng dmeventd or progress polling.
[[0;32m  OK  [0m] Started Load/Save Random Seed.
[[0;32m  OK  [0m] Started udev Coldplug all Devices.
[[0;32m  OK  [0m] Started Flush Journal to Persistent Storage.
         Starting udev Kernel Device Manager...
[[0;32m  OK  [0m] Started udev Kernel Device Manager.
[[0;32m  OK  [0m] Reached target Local File Systems (Pre).
[[0;32m  OK  [0m] Reached target Local File Systems.
         Starting Set console font and keymap...
         Starting Commit a transient machine-id on disk...
         Starting LSB: AppArmor initialization...
         Starting Create Volatile Files and Directories...
         Starting Tell Plymouth To Write Out Runtime Data...
[[0;32m  OK  [0m] Started Dispatch Password Requests to Console Directory Watch.
[[0;32m  OK  [0m] Started Commit a transient machine-id on disk.
[[0;32m  OK  [0m] Started Create Volatile Files and Directories.
[[0;32m  OK  [0m] Started Tell Plymouth To Write Out Runtime Data.
[[0;32m  OK  [0m] Found device /dev/ttyS0.
[[0;32m  OK  [0m] Reached target System Time Synchronized.
         Starting Update UTMP about System Boot/Shutdown...
[[0;32m  OK  [0m] Started Update UTMP about System Boot/Shutdown.
[[0;32m  OK  [0m] Listening on Load/Save RF Kill Switch Status /dev/rfkill Watch.
[   19.256158] cloud-init[451]: Cloud-init v. 0.7.9 running 'init-local' at Sun, 09 Jul 2017 19:19:56 +0000. Up 18.80 seconds.
[[0;1;31mFAILED[0m] Failed to start Set console font and keymap.
See 'systemctl status console-setup.service' for details.
[[0;32m  OK  [0m] Started LSB: AppArmor initialization.
[[0;32m  OK  [0m] Started Initial cloud-init job (pre-networking).
[[0;32m  OK  [0m] Reached target Network (Pre).
         Starting Raise network interfaces...
[[0;32m  OK  [0m] Created slice system-getty.slice.
[[0;32m  OK  [0m] Started Raise network interfaces.
[[0;32m  OK  [0m] Reached target Network.
         Starting Initial cloud-init job (metadata service crawler)...
[   22.874586] cloud-init[901]: Cloud-init v. 0.7.9 running 'init' at Sun, 09 Jul 2017 19:19:59 +0000. Up 22.02 seconds.
[   22.976590] [cloud-init[0;32m  OK  [0m[901]: ] ci-info: +++++++++++++++++++++++++++++++++++++Net device info++++++++++++++++++++++++++++++++++++++Started Initial cloud-init job (metadata service crawler).

[   22.977510] cloud-init[901]: ci-info: +--------+------+----------------------------+---------------+-------+-------------------+
[   23.164637] cloud-init[901]: ci-info: | Device |  Up  |          Address           |      Mask     | Scope |     Hw-Address    |
[   23.165624] cloud-init[901]: ci-info: +--------+------+----------------------------+---------------+-------+-------------------+
[[0;32m  OK  [0m] Reached target Network is Online.
[   23.166099] cloud-init[901]: ci-info: |   lo   | True |         127.0.0.1          |   255.0.0.0   |   .   |         .         |
[   23.447375]          Starting iSCSI initiator daemon (iscsid)...
cloud-init[901]: ci-info: |   lo   | True |          ::1/128           |       .       |  host |         .         |
[   23.530240] [cloud-init[0;32m  OK  [0m[901]: ] ci-info: | enp0s3 | True |         10.0.2.15          | 255.255.255.0 |   .   | 02:ef:c4:99:42:42 |Reached target Cloud-config availability.

[[0;32m  OK  [0m] Reached target System Initialization.
[   23.530974] cloud-init[901]: ci-info: | enp0s3 | True | fe80::ef:c4ff:fe99:4242/64 |       .       |  link | 02:ef:c4:99:42:42 |
[   23.692560] cloud-init[[901]: [0;32m  OK  [0mci-info: +--------+------+----------------------------+---------------+-------+-------------------+] Started Timer to automatically refresh installed snaps.

[   23.812540] cloud-init[901]: ci-info: +++++++++++++++++++++++++++Route IPv4 info++++++++++++++++++++++++++++
[[0;32m  OK  [0m] Started ACPI Events Check.
[   23.813283] cloud-init[901]: ci-info: +-------+-------------+----------+---------------+-----------+-------+
[[0;32m  OK  [0m] Reached target Paths.
[   23.878954] [cloud-init[0;32m  OK  [0m[901]: ] ci-info: | Route | Destination | Gateway  |    Genmask    | Interface | Flags |Listening on D-Bus System Message Bus Socket.

[   23.907474]          Starting LXD - unix socket.
[[0;32m  OK  [0m] Listening on UUID daemon activation socket.
[[0;32m  OK  [0m] Started Daily Cleanup of Temporary Directories.
[[0;32m  OK  [0m] Started Daily apt activities.
[[0;32m  OK  [0m] Reached target Timers.
         Starting Socket activation for snappy daemon.
[[0;32m  OK  [0m] Listening on ACPID Listen Socket.
cloud-init[901]: ci-info: +-------+-------------+----------+---------------+-----------+-------+
[   24.163429] [[0;32m  OK  [0m] Listening on LXD - unix socket.
cloud-init[901]: ci-info: |   0   |   0.0.0.0   | 10.0.2.2 |    0.0.0.0    |   enp0s3  |   UG  |
[   24.168328] [cloud-init[0;32m  OK  [0m[901]: ] ci-info: |   1   |   10.0.2.0  | 0.0.0.0  | 255.255.255.0 |   enp0s3  |   U   |Listening on Socket activation for snappy daemon.

[[0;32m  OK  [0m] Started iSCSI initiator daemon (iscsid).
[   24.169067] cloud-init[901]: ci-info: +-------+-------------+----------+---------------+-----------+-------+
[   24.304582]          cloud-initStarting Login to default iSCSI targets...[901]: 
Generating public/private rsa key pair.
[   24.305262] [cloud-init[0;32m  OK  [0m[901]: ] Your identification has been saved in /etc/ssh/ssh_host_rsa_key.Reached target Sockets.

[   24.405376] [cloud-init[0;32m  OK  [0m[901]: ] Your public key has been saved in /etc/ssh/ssh_host_rsa_key.pub.Reached target Basic System.

[   24.480507] cloud-init[901]: The key fingerprint is:
[   24.588612] cloud-init[901]: SHA256:2+wdN2pxUnwpENjzca7E3IO5ZADkNsB505EEp6zHaEo root@ubuntu-xenial
         Starting Accounts Service...
[   24.664665]          cloud-initStarting LSB: MD monitoring daemon...[901]: 
The key's randomart image is:
[   24.752783] [cloud-init[0;32m  OK  [0m[901]: ] +---[RSA 2048]----+Started D-Bus System Message Bus.

[   24.753505] cloud-init[901]: |      ..o+B=+    |
[   24.840699]          cloud-initStarting LSB: Record successful boot for GRUB...[901]: 
|       o++oB . . |
[   24.881796]          cloud-initStarting Login Service...[901]: 
|        .*. B.B .|
[   24.882582] cloud-init[901]: |        = .  @o=.|
         Starting /etc/rc.local Compatibility...
[   24.962910] cloud-init[901]: |     E +So  +.+..|
[   25.016446] cloud-init[901]: |    . o .+  oo.  |
[   25.016922] cloud-init[901]: |     .  . o .+o  |
[[0;32m  OK  [0m] Started Regular background program processing daemon.
[   25.017169] cloud-init[901]: |         . ..+ . |
[   25.152643] cloud-init[901]: |          ..o    |
[[0;32m  OK  [0m] Started Deferred execution scheduler.
[   25.153659] cloud-init[901]: +----[SHA256]-----+
[   25.222901] cloud-init[901]: Generating public/private dsa key pair.
[   25.223387] cloud-init[901]: Your identification has been saved in /etc/ssh/ssh_host_dsa_key.
         Starting System Logging Service...
[   25.223615] cloud-init[901]: Your public key has been saved in /etc/ssh/ssh_host_dsa_key.pub.
[   25.335754] cloud-init[901]: The key fingerprint is:
[   25.336261] cloud-init[901]: SHA256:Ym3+HLu621tE0dfSITFsKH5I7ikyzHYULbQeSJSmdMI root@ubuntu-xenial
[[0;32m  OK  [0m] Started FUSE filesystem for LXC.
[   25.336520] cloud-init[901]: The key's randomart image is:
[   25.381298] cloud-init[901]: +---[DSA 1024]----+
[[0;32m  OK  [0m] Started Unattended Upgrades Shutdown.
[   25.381620] cloud-init[901]: |  . .oo..   +=.oo|
         [   25.573348] Starting Apply the settings specified in cloud-config...cloud-init
[901]: |   E.+.o.+ . += +|
[   25.574136] cloud-init[901]: |  . =. o* o o  o |
[   25.684470] cloud-init[901]: |   .  .o.+ o     |
         Starting Pollinate to seed the pseudo random number generator...
[   25.686814] cloud-init[901]: |    o +.S o .    |
[   25.723264] cloud-init[901]: |     B * o .     |
[   25.723779] cloud-init[901]: |    . + o . .    |
[[0;32m  OK  [0m] Started Snappy daemon.
[   25.724579] cloud-init[901]: |         + +     |
[   25.757405] cloud-init[901]: |        ++Bo     |
[   25.768481] cloud-init[901]: +----[SHA256]-----+
[   25.769186] cloud-init[901]: Generating public/private ecdsa key pair.
[   25.771075] cloud-init[901]: Your identification has been saved in /etc/ssh/ssh_host_ecdsa_key.
[   25.771776] cloud-init[901]: Your public key has been saved in /etc/ssh/ssh_host_ecdsa_key.pub.
[   25.772587] cloud-init[901]: The key fingerprint is:
[   25.774400] cloud-init[901]: SHA256:YKMpGCFXFUgHhNUPixoCw1hK6YlcW/fSSxEw7Et1LNI root@ubuntu-xenial
[   25.775855] cloud-init[901]: The key's randomart image is:
[   25.775911] cloud-init[901]: +---[ECDSA 256]---+
[   25.775970] cloud-init[901]: |=o+**==+o.o      |
[   25.781539] cloud-init[901]: |**...oo+.E o     |
[   25.781631] cloud-init[901]: |B.o o.*+= +      |
[   25.781708] cloud-init[901]: |o*...+.*.+       |
[   25.781779] cloud-init[901]: |...oo . S .      |
[   25.781846] cloud-init[901]: |  ..   . .       |
[   25.781908] cloud-init[901]: |                 |
[   25.781965] cloud-init[901]: |                 |
[   25.782115] cloud-init[901]: |                 |
[   25.782208] cloud-init[901]: +----[SHA256]-----+
[   25.782276] cloud-init[901]: Generating public/private ed25519 key pair.
[   25.782341] cloud-init[901]: Your identification has been saved in /etc/ssh/ssh_host_ed25519_key.
[   25.782393] cloud-init[901]: Your public key has been saved in /etc/ssh/ssh_host_ed25519_key.pub.
[   25.782457] cloud-init[901]: The key fingerprint is:
[   25.782516] cloud-init[901]: SHA256:NKvRYBT+l/PuDATkKfw/6FcVBXfOQn3EZvjkZX3uWrQ root@ubuntu-xenial
[   25.782556] cloud-init[901]: The key's randomart image is:
[   25.782594] cloud-init[901]: +--[ED25519 256]--+
[   25.782633] cloud-init[901]: |      o..     oB*|
[   25.782670] cloud-init[901]: |     + o .   .o+&|
[   25.782708] cloud-init[901]: |      * *     .X*|
[   25.782746] cloud-init[901]: |     . B + .  ..=|
[   25.782785] cloud-init[901]: |      . S =  . o.|
[   25.782828] cloud-init[901]: |       o = o.  Eo|
[   25.782867] cloud-init[901]: |      . . +..  o |
[   25.782903] cloud-init[901]: |       .  .=  .  |
[   25.782941] cloud-init[901]: |        .. .+    |
[   25.782978] cloud-init[901]: +----[SHA256]-----+
         Starting Auto import assertions from block devices...
[[0;32m  OK  [0m] Started ACPI event daemon.
         Starting LXD - container startup/shutdown...
[[0;32m  OK  [0m] Started System Logging Service.
[[0;32m  OK  [0m] Started /etc/rc.local Compatibility.
[[0;32m  OK  [0m] Started Auto import assertions from block devices.
[[0;32m  OK  [0m] Started LXD - container startup/shutdown.
[[0;32m  OK  [0m] Started Login to default iSCSI targets.
[[0;32m  OK  [0m] Started LSB: MD monitoring daemon.
[[0;32m  OK  [0m] Started LSB: Record successful boot for GRUB.
[[0;32m  OK  [0m] Started Login Service.
         Starting Authenticate and Authorize Users to Run Privileged Tasks...
[[   26.459152] cloud-init[1041]: Generating locales (this might take a while)...
[0;32m  OK  [0m] Reached target Remote File Systems (Pre).
[[0;32m  OK  [0m] Reached target Remote File Systems.
         Starting LSB: automatic crash report generation...
         Starting Permit User Sessions...
         Starting LSB: Set the CPU Frequency Scaling governor to "ondemand"...
         Starting LSB: daemon to balance interrupts for SMP systems...
         Starting LSB: VirtualBox Linux Additions...
[[0;32m  OK  [0m] Started Permit User Sessions.
[[0;32m  OK  [0m] Started Authenticate and Authorize Users to Run Privileged Tasks.
[[0;32m  OK  [0m] Started Pollinate to seed the pseudo random number generator.
[[0;32m  OK  [0m] Started Accounts Service.
[[0;32m  OK  [0m] Started LSB: automatic crash report generation.
[[0;32m  OK  [0m] Started LSB: Set the CPU Frequency Scaling governor to "ondemand".
[[0;32m  OK  [0m] Started LSB: daemon to balance interrupts for SMP systems.
[[0;32m  OK  [0m] Started LSB: VirtualBox Linux Additions.
         Starting OpenBSD Secure Shell server...
         Starting Hold until boot process finishes up...
         Starting Terminate Plymouth Boot Screen...
[[0;32m  OK  [0m] Started OpenBSD Secure Shell server.
[[0;32m  OK  [0m] Started Hold until boot process finishes up.
[[0;32m  OK  [0m] Started Terminate Plymouth Boot Screen.
         Starting Set console scheme...
[[0;32m  OK  [0m] Started Getty on tty1.
[[0;32m  OK  [0m] Started Serial Getty on ttyS0.
[[0;32m  OK  [0m] Reached target Login Prompts.
[[0;32m  OK  [0m] Reached target Multi-User System.
[[0;32m  OK  [0m] Reached target Graphical Interface.
         Starting Update UTMP about System Runlevel Changes...
[[0;32m  OK  [0m] Started Set console scheme.
[[0;32m  OK  [0m] Started Update UTMP about System Runlevel Changes.
[   28.135340] cloud-init[1041]:   en_US.UTF-8... done
[   28.145320] cloud-init[1041]: Generation complete.
         Stopping OpenBSD Secure Shell server...
[[0;32m  OK  [0m] Stopped OpenBSD Secure Shell server.
         Starting OpenBSD Secure Shell server...
[[0;32m  OK  [0m] Started OpenBSD Secure Shell server.
[[0;32m  OK  [0m] Created slice User Slice of ubuntu.
         Starting User Manager for UID 1000...
[[0;32m  OK  [0m] Started User Manager for UID 1000.
[   28.708261] cloud-init[1041]: Cloud-init v. 0.7.9 running 'modules:config' at Sun, 09 Jul 2017 19:20:04 +0000. Up 26.29 seconds.
[[0;32m  OK  [0m] Started Session 1 of user ubuntu.
[[0;32m  OK  [0m] Started Apply the settings specified in cloud-config.
         Starting Execute cloud user/final scripts...
ci-info: no authorized ssh keys fingerprints found for user ubuntu.
<14>Jul  9 19:20:07 ec2: 
<14>Jul  9 19:20:07 ec2: #############################################################
<14>Jul  9 19:20:07 ec2: -----BEGIN SSH HOST KEY FINGERPRINTS-----
<14>Jul  9 19:20:07 ec2: 1024 SHA256:Ym3+HLu621tE0dfSITFsKH5I7ikyzHYULbQeSJSmdMI root@ubuntu-xenial (DSA)
<14>Jul  9 19:20:07 ec2: 256 SHA256:YKMpGCFXFUgHhNUPixoCw1hK6YlcW/fSSxEw7Et1LNI root@ubuntu-xenial (ECDSA)
<14>Jul  9 19:20:07 ec2: 256 SHA256:NKvRYBT+l/PuDATkKfw/6FcVBXfOQn3EZvjkZX3uWrQ root@ubuntu-xenial (ED25519)
<14>Jul  9 19:20:07 ec2: 2048 SHA256:2+wdN2pxUnwpENjzca7E3IO5ZADkNsB505EEp6zHaEo root@ubuntu-xenial (RSA)
<14>Jul  9 19:20:07 ec2: -----END SSH HOST KEY FINGERPRINTS-----
<14>Jul  9 19:20:07 ec2: #############################################################
-----BEGIN SSH HOST KEY KEYS-----
ecdsa-sha2-nistp256 AAAAE2VjZHNhLXNoYTItbmlzdHAyNTYAAAAIbmlzdHAyNTYAAABBBI6M9/0Y+5/cvf6pNyPyKApPu3XoSgsdu/tfAMBvtJuy7QAdlJTdU4kn7RIiUMsY/iG/BTkMJQO7Xh6zViS4h+U= root@ubuntu-xenial
ssh-ed25519 AAAAC3NzaC1lZDI1NTE5AAAAIBOi4E19cPUazwtI/r/yIfsWaQMUCJIFj5UXZDSUiT32 root@ubuntu-xenial
ssh-rsa AAAAB3NzaC1yc2EAAAADAQABAAABAQCs89CkUves5k0EZ4pUiwFOQBYJd7bvUm2DpLZ2q4b4euk3MIVxD+kI9VqfzQhRJW12o6oq3lCOqEu+BGsyItE011RCCLi4M6a2w/OqCCGA9C2++tGKZiTO5uVkl99w1viafAv1kFrH/jO/84rZEgERVFvFpO0FvOqZ4DCTo8OuLQSp8pZUWewwn98vH/zsYLI12dBujFLbw2B9zyGohtfoLK5o6bV/HQoFIZUxM8+rsTsMEw9kAwewyXuXywhB3C0DnQaCssNI0KRC0xt2XQE6KpF/t9GfFmYk7ox6lQJ13Ff7sNrhFv/TiA8sj/xpKthCaAOp/I3E7FV6wvjEIXfP root@ubuntu-xenial
-----END SSH HOST KEY KEYS-----
[   29.823507] cloud-init[1300]: Cloud-init v. 0.7.9 running 'modules:final' at Sun, 09 Jul 2017 19:20:07 +0000. Up 29.39 seconds.
[   29.859736] cloud-init[1300]: ci-info: no authorized ssh keys fingerprints found for user ubuntu.
[   29.886067] [[0;32m  OK  [0m] Started Execute cloud user/final scripts.
[[0;32m  OK  [0m] Reached target Cloud-init tacloud-init[1300]: Cloud-init v. 0.
Ubuntu 16.04.2 LTS ubuntu-xenial ttyS0

ubuntu-xenial login: 